\BOOKMARK [1][-]{section*.2}{\376\377\000I\000n\000t\000r\000o\000d\000u\000c\000t\000i\000o\000n\000\040\000t\000o\000\040\000S\000Q\000L}{}% 1
\BOOKMARK [2][-]{section*.3}{\376\377\000Q\000u\000e\000r\000y\000\040\0001\000:\000\040\000S\000E\000L\000E\000C\000T\000i\000n\000g\000\040\000s\000i\000n\000g\000l\000e\000\040\000c\000o\000l\000u\000m\000n\000s}{section*.2}% 2
\BOOKMARK [2][-]{section*.4}{\376\377\000Q\000u\000e\000r\000y\000\040\0002\000:\000\040\000S\000E\000L\000E\000C\000T\000i\000n\000g\000\040\000m\000u\000l\000t\000i\000p\000l\000e\000\040\000c\000o\000l\000u\000m\000n\000s}{section*.2}% 3
\BOOKMARK [2][-]{section*.5}{\376\377\000Q\000u\000e\000r\000y\000\040\0003\000:\000\040\000S\000E\000L\000E\000C\000T\000i\000n\000g\000\040\000a\000l\000l\000\040\000c\000o\000l\000u\000m\000n\000s}{section*.2}% 4
\BOOKMARK [2][-]{section*.6}{\376\377\000Q\000u\000e\000r\000y\000\040\0004\000:\000\040\000E\000x\000c\000l\000u\000d\000i\000n\000g\000\040\000s\000p\000e\000c\000i\000f\000i\000c\000\040\000c\000o\000l\000u\000m\000n\000s}{section*.2}% 5
\BOOKMARK [2][-]{section*.7}{\376\377\000Q\000u\000e\000r\000y\000\040\0005\000:\000\040\000S\000E\000L\000E\000C\000T\000i\000n\000g\000\040\000D\000I\000S\000T\000I\000N\000C\000T\000\040\000c\000o\000l\000u\000m\000n\000s}{section*.2}% 6
\BOOKMARK [2][-]{section*.8}{\376\377\000Q\000u\000e\000r\000y\000\040\0006\000:\000\040\000L\000e\000a\000r\000n\000i\000n\000g\000\040\000t\000o\000\040\000C\000O\000U\000N\000T}{section*.2}% 7
\BOOKMARK [2][-]{section*.9}{\376\377\000Q\000u\000e\000r\000y\000\040\0007\000:\000\040\000F\000i\000l\000t\000e\000r\000i\000n\000g\000\040\000o\000f\000\040\000n\000u\000m\000e\000r\000i\000c\000\040\000v\000a\000l\000u\000e\000s}{section*.2}% 8
\BOOKMARK [2][-]{section*.10}{\376\377\000Q\000u\000e\000r\000y\000\040\0008\000:\000\040\000F\000i\000l\000t\000e\000r\000i\000n\000g\000\040\000t\000e\000x\000t}{section*.2}% 9
\BOOKMARK [2][-]{section*.11}{\376\377\000Q\000u\000e\000r\000y\000\040\0009\000:\000\040\000U\000s\000e\000\040\000W\000H\000E\000R\000E\000\040\000a\000n\000d\000\040\000A\000N\000D\000\040\000f\000o\000r\000\040\000m\000u\000l\000t\000i\000p\000l\000e\000\040\000c\000o\000n\000d\000i\000t\000i\000o\000n\000s}{section*.2}% 10
\BOOKMARK [2][-]{section*.12}{\376\377\000Q\000u\000e\000r\000y\000\040\0001\0000\000:\000\040\000U\000s\000e\000\040\000W\000H\000E\000R\000E\000\040\000a\000n\000d\000\040\000O\000R\000\040\000f\000o\000r\000\040\000m\000u\000l\000t\000i\000p\000l\000e\000\040\000c\000o\000n\000d\000i\000t\000i\000o\000n\000s}{section*.2}% 11
\BOOKMARK [2][-]{section*.13}{\376\377\000Q\000u\000e\000r\000y\000\040\0001\0001\000:\000\040\000C\000o\000m\000b\000i\000n\000i\000n\000g\000\040\000A\000N\000D\000\040\000a\000n\000d\000\040\000O\000R\000\040\000w\000i\000t\000h\000\040\000W\000H\000E\000R\000E\000\040\000i\000n\000\040\000S\000Q\000L}{section*.2}% 12
\BOOKMARK [2][-]{section*.14}{\376\377\000Q\000u\000e\000r\000y\000\040\0001\0002\000:\000\040\000B\000E\000T\000W\000E\000E\000N\000\040\000w\000i\000t\000h\000\040\000A\000N\000D\000\040\000a\000n\000d\000\040\000O\000R}{section*.2}% 13
\BOOKMARK [2][-]{section*.15}{\376\377\000Q\000u\000e\000r\000y\000\040\0001\0003\000:\000\040\000W\000H\000E\000R\000E\000\040\000I\000N}{section*.2}% 14
\BOOKMARK [2][-]{section*.16}{\376\377\000Q\000u\000e\000r\000y\000\040\0001\0004\000:\000\040\000I\000n\000t\000r\000o\000\040\000t\000o\000\040\000N\000U\000L\000L\000\040\000a\000n\000d\000\040\000I\000S\000\040\000N\000U\000L\000L}{section*.2}% 15
\BOOKMARK [2][-]{section*.17}{\376\377\000Q\000u\000e\000r\000y\000\040\0001\0005\000:\000\040\000A\000g\000g\000r\000e\000g\000a\000t\000e\000\040\000F\000u\000n\000c\000t\000i\000o\000n\000s}{section*.2}% 16
\BOOKMARK [2][-]{section*.18}{\376\377\000Q\000u\000e\000r\000y\000\040\0001\0006\000:\000\040\000C\000o\000m\000b\000i\000n\000i\000n\000g\000\040\000A\000g\000g\000r\000e\000g\000a\000t\000e\000\040\000f\000u\000n\000c\000t\000i\000o\000n\000s\000\040\000w\000i\000t\000h\000\040\000W\000H\000E\000R\000E}{section*.2}% 17
\BOOKMARK [2][-]{section*.19}{\376\377\000Q\000u\000e\000r\000y\000\040\0001\0007\000:\000\040\000S\000o\000r\000t\000i\000n\000g\000\040\000a\000n\000d\000\040\000G\000r\000o\000u\000p\000i\000n\000g}{section*.2}% 18
\BOOKMARK [2][-]{section*.20}{\376\377\000Q\000u\000e\000r\000y\000\040\0001\0008\000:\000\040\000S\000O\000R\000T\000I\000N\000G\000\040\000s\000i\000n\000g\000l\000e\000\040\000c\000o\000l\000u\000m\000n\000s\000\040\000b\000y\000\040\000D\000E\000S\000C}{section*.2}% 19
\BOOKMARK [2][-]{section*.21}{\376\377\000Q\000u\000e\000r\000y\000\040\0001\0009\000:\000\040\000S\000O\000R\000T\000I\000N\000G\000\040\000m\000u\000l\000t\000i\000p\000l\000e\000\040\000c\000o\000l\000u\000m\000n\000s}{section*.2}% 20
\BOOKMARK [2][-]{section*.22}{\376\377\000Q\000u\000e\000r\000y\000\040\0002\0000\000:\000\040\000G\000R\000O\000U\000P\000\040\000B\000Y}{section*.2}% 21
\BOOKMARK [1][-]{section*.23}{\376\377\000J\000o\000i\000n\000i\000n\000g\000\040\000D\000a\000t\000a}{}% 22
